<?xml version="1.0" encoding="UTF-8"?>
<testsuite name="contacttests.GetAllContactsOkHttp" tests="1" skipped="0" failures="0" errors="0" timestamp="2022-05-27T09:01:41" hostname="desktopirina" time="0.977">
  <properties/>
  <testcase name="getAllContactsSuccess" classname="contacttests.GetAllContactsOkHttp" time="0.977"/>
  <system-out><![CDATA[ccgmail.com
32650
********
Sylvan_Sawayn98@yahoo.com
32678
********
Arvel_Schuppe@yahoo.com
32679
********
Hattie88@hotmail.com
32680
********
Rodolfo32@yahoo.com
32681
********
Cassidy65@gmail.com
32682
********
Ignatius.Mills@yahoo.com
32683
********
Caleigh.Koch72@hotmail.com
32684
********
cc@gmail.com
32647
********
Yasmeen4@yahoo.com
32735
********
zoo@gmail.com
32724
********
zoo1@gmail.com
32726
********
Jamaal.Labadie@gmail.com
32701
********
Jared31@gmail.com
32702
********
Damaris.Marvin@hotmail.com
32703
********
Eliane_Doyle@gmail.com
32704
********
Rose_Gibson@hotmail.com
32509
********
Shyanne9@hotmail.com
32510
********
Scotty_Langosh@gmail.com
32511
********
Reginald93@gmail.com
32513
********
Cole_Schultz18@hotmail.com
32499
********
Dax_Mohr@hotmail.com
32514
********
snow.com
32515
********
Mona_Stanton@hotmail.com
32512
********
Brando.Gusikowski4@yahoo.com
32539
********
Fredy53@gmail.com
32545
********
Jose42@yahoo.com
32588
********
Buck.Witting61@gmail.com
32590
********
Antonina56@gmail.com
32670
********
Larry56@gmail.com
32708
********
Trever.Mosciski94@hotmail.com
32710
********
Jazlyn_Sipes@gmail.com
32723
********
zoo2@gmail.com
32727
********
Ronaldo_Huels@yahoo.com
32736
********
Aiyana.Emmerich@gmail.com
32737
********
Art_Swift58@hotmail.com
32738
********
Anabel.Herman@hotmail.com
32739
********
Damaris.OConnell@hotmail.com
32740
********
Belle.Kiehn80@hotmail.com
32741
********
Isadore27@hotmail.com
32742
********
Mariana.Sawayn7@yahoo.com
32743
********
Catalina23@hotmail.com
32745
********
Luisa.Nitzsche@hotmail.com
32520
********
Emilia96@gmail.com
32534
********
Davon_Leuschke@yahoo.com
32535
********
Jerome.Parisian@yahoo.com
32602
********
Theresa_Homenick70@gmail.com
32604
********
Andreanne.Wilkinson@gmail.com
32592
********
Irwin.Stoltenberg0@hotmail.com
32594
********
Lorenza_Klein91@yahoo.com
32596
********
Cletus.Reinger@yahoo.com
32598
********
Johan.Kassulke@yahoo.com
32600
********
Odie.Kub@yahoo.com
32620
********
Meggie60@gmail.com
32621
********
Lincoln_Hills88@hotmail.com
32623
********
sav@gmail.com
32624
********
            
32631
********
  
32633
********
     
32636
********
Beulah.Bahringer0@yahoo.com
32637
********
Akeem56@yahoo.com
32712
********
Orion27@hotmail.com
32713
********
Shemar.Brekke@yahoo.com
32728
********
Nola16@gmail.com
32729
********
savaaaaa@gmail.com
32378
********
Mathew2@yahoo.com
32730
********
Enrique_OConnell@gmail.com
32731
********
pm.environment.get(l1)
32732
********
Coty44@gmail.com
32752
********
Merl_OConner@yahoo.com
32755
********
Jarod.Mohr@gmail.com
32756
********
Roman_Hegmann@yahoo.com
32757
********
Owen.Marquardt59@hotmail.com
32758
********
Toby.Johnson68@yahoo.com
32759
********
Myrtis99@yahoo.com
32760
********
Hans.Pollich23@yahoo.com
32761
********
Bethany.Hartmann@yahoo.com
32762
********
Kylee89@yahoo.com
32763
********
Conrad_Graham@gmail.com
32764
********
Collin79@yahoo.com
32765
********
Lempi_Rowe59@gmail.com
32766
********
zoa1035@gmail.com
32373
********
sava@gmail.com
32374
********
tel-ran_@gmail.com
32375
********
nike111@mail.com
32856
********
zoa3318@gmail.com
32389
********
daddy123@gmail.com
32866
********
nike111@yahoo.com
32872
********
don@gmail.com
32379
********
string
32400
********
mikey@gmail.com
32990
********
Chelsey.Armstrong1@gmail.com
32407
********
Rosetta65@yahoo.com
32408
********
Sunny_Champlin@gmail.com
32409
********
Zechariah.Ferry50@gmail.com
32410
********
Ambrose49@yahoo.com
32411
********
Lacey60@gmail.com
32412
********
Ulises_Wilkinson68@hotmail.com
32413
********
Viviane_Daugherty@gmail.com
32414
********
Keara11@gmail.com
32416
********
Reinhold_Tromp@hotmail.com
32418
********
Layne61@gmail.com
32420
********
Margie96@hotmail.com
32421
********
Juwan22@yahoo.com
32422
********
Lilliana_Gleichner@gmail.com
32423
********
Eliane_Kulas36@yahoo.com
32424
********
Eldora.Mueller74@gmail.com
32425
********
Jorge.Leuschke67@yahoo.com
32426
********
mikey@gmail.comm
32996
********
mikka3212@gmail.com
32997
********
kika2@gmail.com
32998
********
ah6576@gmail.com
32999
********
Jeromy.Schiller@hotmail.com
32427
********
Robbie42@hotmail.com
32428
********
Quinten68@gmail.com
32429
********
Alford.Jast@gmail.com
32430
********
Darren_Prohaska58@gmail.com
32431
********
Elenora.Wiza13@yahoo.com
32432
********
Keagan_Luettgen@hotmail.com
32433
********
Santina.Collier32@gmail.com
32434
********
Luis72@gmail.com
32435
********
Retta74@yahoo.com
32436
********
Kaitlin.Weber65@gmail.com
32437
********
Berta_Ritchie@gmail.com
32438
********
Berenice_Zemlak@gmail.com
32439
********
zoa1607@gmail.com
32440
********
tina1607@gmail.com
32441
********
zoa1614@gmail.com
32442
********
tina1614@gmail.com
32443
********
zoa1620@gmail.com
32444
********
tina1621@gmail.com
32445
********
tina1855@gmail.com
32447
********
tina1863@gmail.com
32448
********
tina1870@gmail.com
32449
********
zoa1963@gmail.com
32450
********
zoa1970@gmail.com
32451
********
zoa1977@gmail.com
32452
********
Jonas.McKenzie71@gmail.com
32453
********
Maia62@gmail.com
32454
********
Ila_Kovacek38@yahoo.com
32455
********
Talon.Wunsch@gmail.com
32457
********
Geoffrey_Nikolaus@yahoo.com
32638
********
dasha@gmail.com
32639
********
Heidi_Ebert@hotmail.com
32641
********
dashaaa@gmail.com
32643
********
Aditya5@yahoo.com
32645
********
tina3227@gmail.com
32472
********
zoa3230@gmail.com
32473
********
tina3235@gmail.com
32474
********
zoa3237@gmail.com
32475
********
tina3242@gmail.com
32476
********
zoa3243@gmail.com
32477
********
tina3279@gmail.com
32478
********
tina3287@gmail.com
32479
********
tina3295@gmail.com
32480
********
zoa3330@gmail.com
32481
********
zoa3337@gmail.com
32482
********
zoa3344@gmail.com
32483
********
Johny123@gmail.com
32719
********
Ana_Champlin12@hotmail.com
32720
********
Lennie.Heaney76@yahoo.com
32721
********
Korbin.Armstrong@hotmail.com
32733
********
mikka@gmail.com
32770
********
slava@gmail.ru
32771
********
mikka222@gmail.com
32795
********
mikka@mk.com
32796
********
miykka222@gmail.com
32819
********
ahh135@gmail.com
32820
********
dady@gmail.com
32825
********
liza@gmail.com
32887
********
Roscoe.Greenholt39@gmail.com
32921
********
Kellen13@hotmail.com
32924
********
Thurman_Kub1@hotmail.com
32925
********
c@gmail.com
32649
********
mikka111@gmail.com
32929
********
mikka@email.com
32930
********
nike123@yahoo.com
32931
********
mika@gmail.com
32932
********
ahh1365@gmail.com
32933
********
mikka_mia@gmail.com
32936
********
mika1@gmail.com
32938
********
kuka@gmail.com
32940
********
mika@gmail.ru
32941
********
nike1123@yahoo.com
32507
********
mikka321@gmail.com
32957
********
nike11123@yahoo.com
32959
********
ah65@gmail.com
32960
********
nina@gmail.ru
32961
********
nike3@yahoo.com
32965
********
kika@gmail.com
32983
********
nnikeS@yahoo.com
32987
********
mikka_mi@gmail.com
32989
********
mama@gmail.ru
33001
********
ahyj6576@gmail.com
33003
********
{{$randomEmail}}
33012
********
{{randomEmail}}
33018
********
Rachelle_Kuhlman@yahoo.com
33029
********
pm.environment.get('ex_email')
33069
********
pm.environment.get(ex_email)
33074
********
1653240810335john@gmail.com
33075
********
1653240830152john@gmail.com
33076
********
1653240842241john@gmail.com
33077
********
1653240849257john@gmail.com
33078
********
1653241021655john@gmail.com
33083
********
1653241061896john@gmail.com
33085
********
1653241143271john@gmail.ru
33086
********
1653241156662john@gmail.com
33087
********
1653241158992john@gmail.com
33088
********
1653241167629john@gmail.com
33089
********
1653241201439john@gmail.com
33090
********
1653241219664john@gmail.com
33091
********
1653241233198john@gmail.com
33092
********
1653241252441john@gmail.ru
33093
********
1653241273389john@gmail.com
33094
********
1653241311704john@gmail.ru
33095
********
1653241301539john@gmail.com
33096
********
1653241334109john@gmail.com
33097
********
1653241396089john@gmail.com
33098
********
1653241398093john@gmail.com
33099
********
1653241399484john@gmail.com
33100
********
1653241412197john@gmail.com
33101
********
1653241420031john@gmail.com
33102
********
1653241638151john@gmail.ru
33105
********
1653241844805john@gmail.com
33109
********
87088nika@gmail.com
33110
********
96648nika@gmail.com
33113
********
1653242132901john@gmail.com
33114
********
67976nika@gmail.com
33115
********
10149nika@gmail.com
33116
********
1653242143636john@gmail.com
33117
********
1653242145292john@gmail.com
33118
********
57983nika@gmail.com
33119
********
7318nika@gmail.com
33120
********
21458nika@gmail.com
33121
********
51268nika@gmail.com
33122
********
14653nika@gmail.com
33123
********
11323nika@gmail.com
33124
********
1653242253515john@gmail.ru
33125
********
1653242285598john@gmail.ru
33126
********
82943nika@gmail.com
33127
********
74295nika@gmail.com
33128
********
95729nika@gmail.com
33129
********
22767nika@gmail.com
33130
********
64330nika@gmail.com
33131
********
22982nika@gmail.com
33132
********
29815nika@gmail.com
33133
********
51351nika@gmail.com
33134
********
32356nika@gmail.com
33136
********
1653242352700john@gmail.ru
33135
********
tina3320@gmail.com
33138
********
1653242368316john@gmail.com
33139
********
66345nika@gmail.com
33142
********
1653242403167john@gmail.ru
33145
********
Greg_Feeney@gmail.com
33157
********
Caleigh_Lebsack49@hotmail.com
33158
********
Rey.Mitchell@hotmail.com
33159
********
1653306596403john@gmail.ru
33171
********
Amely.Denesik@gmail.com
33174
********
Mose53@yahoo.com
33175
********
1653379401618john@gmail.com
33176
********
1653379667738john@gmail.com
33177
********
1653379703189john@gmail.com
33180
********
Monty_Hoeger43@gmail.com
33247
********
Gregorio.Rau@hotmail.com
33249
********
1653402858477john@gmail.ru
33255
********
1653402861387john@gmail.ru
33256
********
1653402863447john@gmail.ru
33257
********
1653402876850john@gmail.ru
33258
********
nona@gmail.ru
33267
********
1653405717665john@gmail.ru
33272
********
1653405730239john@gmail.ru
33273
********
Audra.Heaney97@hotmail.com
33276
********
1653407414265john@gmail.com
33286
********
Leonel47@gmail.com
33302
********
Jackson_Trantow30@yahoo.com
33303
********
Moses.Quigley@gmail.com
33304
********
Theron_Larson74@hotmail.com
33305
********
tina62@gmail.com
33306
********
tina80@gmail.com
33307
********
tina99@gmail.com
33308
********
Madilyn65@hotmail.com
33429
********
maya1653638845@mail.com
33431
********
maya1653638851@mail.com
33432
********
kris1653638858@mail.com
33433
********
katya1653638860@gmail.com
33434
********
maya1653640197@mail.com
33435
********
maya1653640720@mail.com
33436
********
]]></system-out>
  <system-err><![CDATA[]]></system-err>
</testsuite>
